2024-03-21T12:12:53.895+09:00  INFO 8164 --- [ch07] [restartedMain] kr.co.ch07.Ch07Application               : Starting Ch07Application using Java 21.0.1 with PID 8164 (C:\Users\java\Desktop\WorkSpace\Spring\ch07\build\classes\java\main started by java in C:\Users\java\Desktop\WorkSpace\Spring\ch07)
2024-03-21T12:12:53.901+09:00  INFO 8164 --- [ch07] [restartedMain] kr.co.ch07.Ch07Application               : No active profile set, falling back to 1 default profile: "default"
2024-03-21T12:12:53.922+09:00  INFO 8164 --- [ch07] [restartedMain] .e.DevToolsPropertyDefaultsPostProcessor : Devtools property defaults active! Set 'spring.devtools.add-properties' to 'false' to disable
2024-03-21T12:12:53.922+09:00  INFO 8164 --- [ch07] [restartedMain] .e.DevToolsPropertyDefaultsPostProcessor : For additional web related logging consider setting the 'logging.level.web' property to 'DEBUG'
2024-03-21T12:12:54.258+09:00  INFO 8164 --- [ch07] [restartedMain] .s.d.r.c.RepositoryConfigurationDelegate : Bootstrapping Spring Data JPA repositories in DEFAULT mode.
2024-03-21T12:12:54.298+09:00  INFO 8164 --- [ch07] [restartedMain] .s.d.r.c.RepositoryConfigurationDelegate : Finished Spring Data repository scanning in 36 ms. Found 13 JPA repository interfaces.
2024-03-21T12:12:54.555+09:00  INFO 8164 --- [ch07] [restartedMain] o.s.b.w.embedded.tomcat.TomcatWebServer  : Tomcat initialized with port 8080 (http)
2024-03-21T12:12:54.561+09:00  INFO 8164 --- [ch07] [restartedMain] o.apache.catalina.core.StandardService   : Starting service [Tomcat]
2024-03-21T12:12:54.561+09:00  INFO 8164 --- [ch07] [restartedMain] o.apache.catalina.core.StandardEngine    : Starting Servlet engine: [Apache Tomcat/10.1.19]
2024-03-21T12:12:54.582+09:00  INFO 8164 --- [ch07] [restartedMain] o.a.c.c.C.[Tomcat].[localhost].[/ch07]   : Initializing Spring embedded WebApplicationContext
2024-03-21T12:12:54.583+09:00  INFO 8164 --- [ch07] [restartedMain] w.s.c.ServletWebServerApplicationContext : Root WebApplicationContext: initialization completed in 660 ms
2024-03-21T12:12:54.661+09:00  INFO 8164 --- [ch07] [restartedMain] o.hibernate.jpa.internal.util.LogHelper  : HHH000204: Processing PersistenceUnitInfo [name: default]
2024-03-21T12:12:54.684+09:00  INFO 8164 --- [ch07] [restartedMain] org.hibernate.Version                    : HHH000412: Hibernate ORM core version 6.4.4.Final
2024-03-21T12:12:54.699+09:00  INFO 8164 --- [ch07] [restartedMain] o.h.c.internal.RegionFactoryInitiator    : HHH000026: Second-level cache disabled
2024-03-21T12:12:54.812+09:00  INFO 8164 --- [ch07] [restartedMain] o.s.o.j.p.SpringPersistenceUnitInfo      : No LoadTimeWeaver setup: ignoring JPA class transformer
2024-03-21T12:12:54.825+09:00  INFO 8164 --- [ch07] [restartedMain] com.zaxxer.hikari.HikariDataSource       : HikariPool-1 - Starting...
2024-03-21T12:12:54.978+09:00  INFO 8164 --- [ch07] [restartedMain] com.zaxxer.hikari.pool.HikariPool        : HikariPool-1 - Added connection com.mysql.cj.jdbc.ConnectionImpl@2774dac8
2024-03-21T12:12:54.980+09:00  INFO 8164 --- [ch07] [restartedMain] com.zaxxer.hikari.HikariDataSource       : HikariPool-1 - Start completed.
2024-03-21T12:12:55.004+09:00  WARN 8164 --- [ch07] [restartedMain] org.hibernate.orm.deprecation            : HHH90000025: MySQLDialect does not need to be specified explicitly using 'hibernate.dialect' (remove the property setting and it will be selected by default)
2024-03-21T12:12:55.542+09:00  INFO 8164 --- [ch07] [restartedMain] o.h.e.t.j.p.i.JtaPlatformInitiator       : HHH000489: No JTA platform available (set 'hibernate.transaction.jta.platform' to enable JTA platform integration)
2024-03-21T12:12:55.602+09:00  INFO 8164 --- [ch07] [restartedMain] j.LocalContainerEntityManagerFactoryBean : Initialized JPA EntityManagerFactory for persistence unit 'default'
2024-03-21T12:12:55.774+09:00  INFO 8164 --- [ch07] [restartedMain] o.s.d.j.r.query.QueryEnhancerFactory     : Hibernate is in classpath; If applicable, HQL parser will be used.
2024-03-21T12:12:56.065+09:00  WARN 8164 --- [ch07] [restartedMain] JpaBaseConfiguration$JpaWebConfiguration : spring.jpa.open-in-view is enabled by default. Therefore, database queries may be performed during view rendering. Explicitly configure spring.jpa.open-in-view to disable this warning
2024-03-21T12:12:56.074+09:00  INFO 8164 --- [ch07] [restartedMain] o.s.b.a.w.s.WelcomePageHandlerMapping    : Adding welcome page template: index
2024-03-21T12:12:56.304+09:00  INFO 8164 --- [ch07] [restartedMain] o.s.b.d.a.OptionalLiveReloadServer       : LiveReload server is running on port 35729
2024-03-21T12:12:56.322+09:00  INFO 8164 --- [ch07] [restartedMain] o.s.b.w.embedded.tomcat.TomcatWebServer  : Tomcat started on port 8080 (http) with context path '/ch07'
2024-03-21T12:12:56.326+09:00  INFO 8164 --- [ch07] [restartedMain] kr.co.ch07.Ch07Application               : Started Ch07Application in 2.618 seconds (process running for 2.917)
2024-03-21T12:18:46.968+09:00  INFO 8164 --- [ch07] [SpringApplicationShutdownHook] j.LocalContainerEntityManagerFactoryBean : Closing JPA EntityManagerFactory for persistence unit 'default'
2024-03-21T12:18:46.970+09:00  INFO 8164 --- [ch07] [SpringApplicationShutdownHook] com.zaxxer.hikari.HikariDataSource       : HikariPool-1 - Shutdown initiated...
2024-03-21T12:18:46.974+09:00  INFO 8164 --- [ch07] [SpringApplicationShutdownHook] com.zaxxer.hikari.HikariDataSource       : HikariPool-1 - Shutdown completed.
2024-03-21T12:27:39.769+09:00  INFO 8052 --- [ch07] [restartedMain] kr.co.ch07.Ch07Application               : Starting Ch07Application using Java 21.0.1 with PID 8052 (C:\Users\java\Desktop\WorkSpace\Spring\ch07\build\classes\java\main started by java in C:\Users\java\Desktop\WorkSpace\Spring\ch07)
2024-03-21T12:27:39.770+09:00  INFO 8052 --- [ch07] [restartedMain] kr.co.ch07.Ch07Application               : No active profile set, falling back to 1 default profile: "default"
2024-03-21T12:27:39.797+09:00  INFO 8052 --- [ch07] [restartedMain] .e.DevToolsPropertyDefaultsPostProcessor : Devtools property defaults active! Set 'spring.devtools.add-properties' to 'false' to disable
2024-03-21T12:27:39.797+09:00  INFO 8052 --- [ch07] [restartedMain] .e.DevToolsPropertyDefaultsPostProcessor : For additional web related logging consider setting the 'logging.level.web' property to 'DEBUG'
2024-03-21T12:27:40.154+09:00  INFO 8052 --- [ch07] [restartedMain] .s.d.r.c.RepositoryConfigurationDelegate : Bootstrapping Spring Data JPA repositories in DEFAULT mode.
2024-03-21T12:27:40.199+09:00  INFO 8052 --- [ch07] [restartedMain] .s.d.r.c.RepositoryConfigurationDelegate : Finished Spring Data repository scanning in 40 ms. Found 13 JPA repository interfaces.
2024-03-21T12:27:40.458+09:00  INFO 8052 --- [ch07] [restartedMain] o.s.b.w.embedded.tomcat.TomcatWebServer  : Tomcat initialized with port 8080 (http)
2024-03-21T12:27:40.464+09:00  INFO 8052 --- [ch07] [restartedMain] o.apache.catalina.core.StandardService   : Starting service [Tomcat]
2024-03-21T12:27:40.465+09:00  INFO 8052 --- [ch07] [restartedMain] o.apache.catalina.core.StandardEngine    : Starting Servlet engine: [Apache Tomcat/10.1.19]
2024-03-21T12:27:40.491+09:00  INFO 8052 --- [ch07] [restartedMain] o.a.c.c.C.[Tomcat].[localhost].[/ch07]   : Initializing Spring embedded WebApplicationContext
2024-03-21T12:27:40.491+09:00  INFO 8052 --- [ch07] [restartedMain] w.s.c.ServletWebServerApplicationContext : Root WebApplicationContext: initialization completed in 694 ms
2024-03-21T12:27:40.568+09:00  INFO 8052 --- [ch07] [restartedMain] o.hibernate.jpa.internal.util.LogHelper  : HHH000204: Processing PersistenceUnitInfo [name: default]
2024-03-21T12:27:40.593+09:00  INFO 8052 --- [ch07] [restartedMain] org.hibernate.Version                    : HHH000412: Hibernate ORM core version 6.4.4.Final
2024-03-21T12:27:40.609+09:00  INFO 8052 --- [ch07] [restartedMain] o.h.c.internal.RegionFactoryInitiator    : HHH000026: Second-level cache disabled
2024-03-21T12:27:40.732+09:00  INFO 8052 --- [ch07] [restartedMain] o.s.o.j.p.SpringPersistenceUnitInfo      : No LoadTimeWeaver setup: ignoring JPA class transformer
2024-03-21T12:27:40.752+09:00  INFO 8052 --- [ch07] [restartedMain] com.zaxxer.hikari.HikariDataSource       : HikariPool-1 - Starting...
2024-03-21T12:27:40.909+09:00  INFO 8052 --- [ch07] [restartedMain] com.zaxxer.hikari.pool.HikariPool        : HikariPool-1 - Added connection com.mysql.cj.jdbc.ConnectionImpl@24920375
2024-03-21T12:27:40.911+09:00  INFO 8052 --- [ch07] [restartedMain] com.zaxxer.hikari.HikariDataSource       : HikariPool-1 - Start completed.
2024-03-21T12:27:40.949+09:00  WARN 8052 --- [ch07] [restartedMain] org.hibernate.orm.deprecation            : HHH90000025: MySQLDialect does not need to be specified explicitly using 'hibernate.dialect' (remove the property setting and it will be selected by default)
2024-03-21T12:27:41.672+09:00  INFO 8052 --- [ch07] [restartedMain] o.h.e.t.j.p.i.JtaPlatformInitiator       : HHH000489: No JTA platform available (set 'hibernate.transaction.jta.platform' to enable JTA platform integration)
2024-03-21T12:27:41.742+09:00  INFO 8052 --- [ch07] [restartedMain] j.LocalContainerEntityManagerFactoryBean : Initialized JPA EntityManagerFactory for persistence unit 'default'
2024-03-21T12:27:41.947+09:00  INFO 8052 --- [ch07] [restartedMain] o.s.d.j.r.query.QueryEnhancerFactory     : Hibernate is in classpath; If applicable, HQL parser will be used.
2024-03-21T12:27:42.263+09:00  WARN 8052 --- [ch07] [restartedMain] JpaBaseConfiguration$JpaWebConfiguration : spring.jpa.open-in-view is enabled by default. Therefore, database queries may be performed during view rendering. Explicitly configure spring.jpa.open-in-view to disable this warning
2024-03-21T12:27:42.276+09:00  INFO 8052 --- [ch07] [restartedMain] o.s.b.a.w.s.WelcomePageHandlerMapping    : Adding welcome page template: index
2024-03-21T12:27:42.593+09:00  WARN 8052 --- [ch07] [restartedMain] o.s.b.d.a.OptionalLiveReloadServer       : Unable to start LiveReload server
2024-03-21T12:27:42.606+09:00  WARN 8052 --- [ch07] [restartedMain] ConfigServletWebServerApplicationContext : Exception encountered during context initialization - cancelling refresh attempt: org.springframework.context.ApplicationContextException: Failed to start bean 'webServerStartStop'
2024-03-21T12:27:42.607+09:00  INFO 8052 --- [ch07] [restartedMain] j.LocalContainerEntityManagerFactoryBean : Closing JPA EntityManagerFactory for persistence unit 'default'
2024-03-21T12:27:42.608+09:00  INFO 8052 --- [ch07] [restartedMain] com.zaxxer.hikari.HikariDataSource       : HikariPool-1 - Shutdown initiated...
2024-03-21T12:27:42.613+09:00  INFO 8052 --- [ch07] [restartedMain] com.zaxxer.hikari.HikariDataSource       : HikariPool-1 - Shutdown completed.
2024-03-21T12:27:42.619+09:00  INFO 8052 --- [ch07] [restartedMain] .s.b.a.l.ConditionEvaluationReportLogger : 

Error starting ApplicationContext. To display the condition evaluation report re-run your application with 'debug' enabled.
2024-03-21T12:27:42.632+09:00 ERROR 8052 --- [ch07] [restartedMain] o.s.b.d.LoggingFailureAnalysisReporter   : 

***************************
APPLICATION FAILED TO START
***************************

Description:

Web server failed to start. Port 8080 was already in use.

Action:

Identify and stop the process that's listening on port 8080 or configure this application to listen on another port.

2024-03-21T12:28:08.884+09:00  INFO 8116 --- [ch07] [restartedMain] kr.co.ch07.Ch07Application               : Starting Ch07Application using Java 21.0.1 with PID 8116 (C:\Users\java\Desktop\WorkSpace\Spring\ch07\build\classes\java\main started by java in C:\Users\java\Desktop\WorkSpace\Spring\ch07)
2024-03-21T12:28:08.885+09:00  INFO 8116 --- [ch07] [restartedMain] kr.co.ch07.Ch07Application               : No active profile set, falling back to 1 default profile: "default"
2024-03-21T12:28:08.906+09:00  INFO 8116 --- [ch07] [restartedMain] .e.DevToolsPropertyDefaultsPostProcessor : Devtools property defaults active! Set 'spring.devtools.add-properties' to 'false' to disable
2024-03-21T12:28:08.906+09:00  INFO 8116 --- [ch07] [restartedMain] .e.DevToolsPropertyDefaultsPostProcessor : For additional web related logging consider setting the 'logging.level.web' property to 'DEBUG'
2024-03-21T12:28:09.213+09:00  INFO 8116 --- [ch07] [restartedMain] .s.d.r.c.RepositoryConfigurationDelegate : Bootstrapping Spring Data JPA repositories in DEFAULT mode.
2024-03-21T12:28:09.254+09:00  INFO 8116 --- [ch07] [restartedMain] .s.d.r.c.RepositoryConfigurationDelegate : Finished Spring Data repository scanning in 36 ms. Found 13 JPA repository interfaces.
2024-03-21T12:28:09.504+09:00  INFO 8116 --- [ch07] [restartedMain] o.s.b.w.embedded.tomcat.TomcatWebServer  : Tomcat initialized with port 8080 (http)
2024-03-21T12:28:09.510+09:00  INFO 8116 --- [ch07] [restartedMain] o.apache.catalina.core.StandardService   : Starting service [Tomcat]
2024-03-21T12:28:09.510+09:00  INFO 8116 --- [ch07] [restartedMain] o.apache.catalina.core.StandardEngine    : Starting Servlet engine: [Apache Tomcat/10.1.19]
2024-03-21T12:28:09.531+09:00  INFO 8116 --- [ch07] [restartedMain] o.a.c.c.C.[Tomcat].[localhost].[/ch07]   : Initializing Spring embedded WebApplicationContext
2024-03-21T12:28:09.531+09:00  INFO 8116 --- [ch07] [restartedMain] w.s.c.ServletWebServerApplicationContext : Root WebApplicationContext: initialization completed in 625 ms
2024-03-21T12:28:09.616+09:00  INFO 8116 --- [ch07] [restartedMain] o.hibernate.jpa.internal.util.LogHelper  : HHH000204: Processing PersistenceUnitInfo [name: default]
2024-03-21T12:28:09.640+09:00  INFO 8116 --- [ch07] [restartedMain] org.hibernate.Version                    : HHH000412: Hibernate ORM core version 6.4.4.Final
2024-03-21T12:28:09.654+09:00  INFO 8116 --- [ch07] [restartedMain] o.h.c.internal.RegionFactoryInitiator    : HHH000026: Second-level cache disabled
2024-03-21T12:28:09.771+09:00  INFO 8116 --- [ch07] [restartedMain] o.s.o.j.p.SpringPersistenceUnitInfo      : No LoadTimeWeaver setup: ignoring JPA class transformer
2024-03-21T12:28:09.784+09:00  INFO 8116 --- [ch07] [restartedMain] com.zaxxer.hikari.HikariDataSource       : HikariPool-1 - Starting...
2024-03-21T12:28:09.938+09:00  INFO 8116 --- [ch07] [restartedMain] com.zaxxer.hikari.pool.HikariPool        : HikariPool-1 - Added connection com.mysql.cj.jdbc.ConnectionImpl@90f6091
2024-03-21T12:28:09.939+09:00  INFO 8116 --- [ch07] [restartedMain] com.zaxxer.hikari.HikariDataSource       : HikariPool-1 - Start completed.
2024-03-21T12:28:09.963+09:00  WARN 8116 --- [ch07] [restartedMain] org.hibernate.orm.deprecation            : HHH90000025: MySQLDialect does not need to be specified explicitly using 'hibernate.dialect' (remove the property setting and it will be selected by default)
2024-03-21T12:28:10.487+09:00  INFO 8116 --- [ch07] [restartedMain] o.h.e.t.j.p.i.JtaPlatformInitiator       : HHH000489: No JTA platform available (set 'hibernate.transaction.jta.platform' to enable JTA platform integration)
2024-03-21T12:28:10.536+09:00  INFO 8116 --- [ch07] [restartedMain] j.LocalContainerEntityManagerFactoryBean : Initialized JPA EntityManagerFactory for persistence unit 'default'
2024-03-21T12:28:10.699+09:00  INFO 8116 --- [ch07] [restartedMain] o.s.d.j.r.query.QueryEnhancerFactory     : Hibernate is in classpath; If applicable, HQL parser will be used.
2024-03-21T12:28:10.978+09:00  WARN 8116 --- [ch07] [restartedMain] JpaBaseConfiguration$JpaWebConfiguration : spring.jpa.open-in-view is enabled by default. Therefore, database queries may be performed during view rendering. Explicitly configure spring.jpa.open-in-view to disable this warning
2024-03-21T12:28:10.988+09:00  INFO 8116 --- [ch07] [restartedMain] o.s.b.a.w.s.WelcomePageHandlerMapping    : Adding welcome page template: index
2024-03-21T12:28:11.219+09:00  WARN 8116 --- [ch07] [restartedMain] o.s.b.d.a.OptionalLiveReloadServer       : Unable to start LiveReload server
2024-03-21T12:28:11.231+09:00  WARN 8116 --- [ch07] [restartedMain] ConfigServletWebServerApplicationContext : Exception encountered during context initialization - cancelling refresh attempt: org.springframework.context.ApplicationContextException: Failed to start bean 'webServerStartStop'
2024-03-21T12:28:11.232+09:00  INFO 8116 --- [ch07] [restartedMain] j.LocalContainerEntityManagerFactoryBean : Closing JPA EntityManagerFactory for persistence unit 'default'
2024-03-21T12:28:11.233+09:00  INFO 8116 --- [ch07] [restartedMain] com.zaxxer.hikari.HikariDataSource       : HikariPool-1 - Shutdown initiated...
2024-03-21T12:28:11.237+09:00  INFO 8116 --- [ch07] [restartedMain] com.zaxxer.hikari.HikariDataSource       : HikariPool-1 - Shutdown completed.
2024-03-21T12:28:11.243+09:00  INFO 8116 --- [ch07] [restartedMain] .s.b.a.l.ConditionEvaluationReportLogger : 

Error starting ApplicationContext. To display the condition evaluation report re-run your application with 'debug' enabled.
2024-03-21T12:28:11.251+09:00 ERROR 8116 --- [ch07] [restartedMain] o.s.b.d.LoggingFailureAnalysisReporter   : 

***************************
APPLICATION FAILED TO START
***************************

Description:

Web server failed to start. Port 8080 was already in use.

Action:

Identify and stop the process that's listening on port 8080 or configure this application to listen on another port.

2024-03-21T12:30:14.214+09:00  INFO 11564 --- [ch07] [restartedMain] kr.co.ch07.Ch07Application               : Starting Ch07Application using Java 21.0.1 with PID 11564 (C:\Users\java\Desktop\WorkSpace\Spring\ch07\build\classes\java\main started by java in C:\Users\java\Desktop\WorkSpace\Spring\ch07)
2024-03-21T12:30:14.215+09:00  INFO 11564 --- [ch07] [restartedMain] kr.co.ch07.Ch07Application               : No active profile set, falling back to 1 default profile: "default"
2024-03-21T12:30:14.236+09:00  INFO 11564 --- [ch07] [restartedMain] .e.DevToolsPropertyDefaultsPostProcessor : Devtools property defaults active! Set 'spring.devtools.add-properties' to 'false' to disable
2024-03-21T12:30:14.236+09:00  INFO 11564 --- [ch07] [restartedMain] .e.DevToolsPropertyDefaultsPostProcessor : For additional web related logging consider setting the 'logging.level.web' property to 'DEBUG'
2024-03-21T12:30:14.529+09:00  INFO 11564 --- [ch07] [restartedMain] .s.d.r.c.RepositoryConfigurationDelegate : Bootstrapping Spring Data JPA repositories in DEFAULT mode.
2024-03-21T12:30:14.566+09:00  INFO 11564 --- [ch07] [restartedMain] .s.d.r.c.RepositoryConfigurationDelegate : Finished Spring Data repository scanning in 33 ms. Found 13 JPA repository interfaces.
2024-03-21T12:30:14.834+09:00  INFO 11564 --- [ch07] [restartedMain] o.s.b.w.embedded.tomcat.TomcatWebServer  : Tomcat initialized with port 8080 (http)
2024-03-21T12:30:14.841+09:00  INFO 11564 --- [ch07] [restartedMain] o.apache.catalina.core.StandardService   : Starting service [Tomcat]
2024-03-21T12:30:14.841+09:00  INFO 11564 --- [ch07] [restartedMain] o.apache.catalina.core.StandardEngine    : Starting Servlet engine: [Apache Tomcat/10.1.19]
2024-03-21T12:30:14.864+09:00  INFO 11564 --- [ch07] [restartedMain] o.a.c.c.C.[Tomcat].[localhost].[/ch07]   : Initializing Spring embedded WebApplicationContext
2024-03-21T12:30:14.865+09:00  INFO 11564 --- [ch07] [restartedMain] w.s.c.ServletWebServerApplicationContext : Root WebApplicationContext: initialization completed in 629 ms
2024-03-21T12:30:14.947+09:00  INFO 11564 --- [ch07] [restartedMain] o.hibernate.jpa.internal.util.LogHelper  : HHH000204: Processing PersistenceUnitInfo [name: default]
2024-03-21T12:30:14.971+09:00  INFO 11564 --- [ch07] [restartedMain] org.hibernate.Version                    : HHH000412: Hibernate ORM core version 6.4.4.Final
2024-03-21T12:30:14.987+09:00  INFO 11564 --- [ch07] [restartedMain] o.h.c.internal.RegionFactoryInitiator    : HHH000026: Second-level cache disabled
2024-03-21T12:30:15.117+09:00  INFO 11564 --- [ch07] [restartedMain] o.s.o.j.p.SpringPersistenceUnitInfo      : No LoadTimeWeaver setup: ignoring JPA class transformer
2024-03-21T12:30:15.131+09:00  INFO 11564 --- [ch07] [restartedMain] com.zaxxer.hikari.HikariDataSource       : HikariPool-1 - Starting...
2024-03-21T12:30:15.316+09:00  INFO 11564 --- [ch07] [restartedMain] com.zaxxer.hikari.pool.HikariPool        : HikariPool-1 - Added connection com.mysql.cj.jdbc.ConnectionImpl@408e4a30
2024-03-21T12:30:15.317+09:00  INFO 11564 --- [ch07] [restartedMain] com.zaxxer.hikari.HikariDataSource       : HikariPool-1 - Start completed.
2024-03-21T12:30:15.352+09:00  WARN 11564 --- [ch07] [restartedMain] org.hibernate.orm.deprecation            : HHH90000025: MySQLDialect does not need to be specified explicitly using 'hibernate.dialect' (remove the property setting and it will be selected by default)
2024-03-21T12:30:15.908+09:00  INFO 11564 --- [ch07] [restartedMain] o.h.e.t.j.p.i.JtaPlatformInitiator       : HHH000489: No JTA platform available (set 'hibernate.transaction.jta.platform' to enable JTA platform integration)
2024-03-21T12:30:15.960+09:00  INFO 11564 --- [ch07] [restartedMain] j.LocalContainerEntityManagerFactoryBean : Initialized JPA EntityManagerFactory for persistence unit 'default'
2024-03-21T12:30:16.132+09:00  INFO 11564 --- [ch07] [restartedMain] o.s.d.j.r.query.QueryEnhancerFactory     : Hibernate is in classpath; If applicable, HQL parser will be used.
2024-03-21T12:30:16.412+09:00  WARN 11564 --- [ch07] [restartedMain] JpaBaseConfiguration$JpaWebConfiguration : spring.jpa.open-in-view is enabled by default. Therefore, database queries may be performed during view rendering. Explicitly configure spring.jpa.open-in-view to disable this warning
2024-03-21T12:30:16.422+09:00  INFO 11564 --- [ch07] [restartedMain] o.s.b.a.w.s.WelcomePageHandlerMapping    : Adding welcome page template: index
2024-03-21T12:30:16.652+09:00  INFO 11564 --- [ch07] [restartedMain] o.s.b.d.a.OptionalLiveReloadServer       : LiveReload server is running on port 35729
2024-03-21T12:30:16.670+09:00  INFO 11564 --- [ch07] [restartedMain] o.s.b.w.embedded.tomcat.TomcatWebServer  : Tomcat started on port 8080 (http) with context path '/ch07'
2024-03-21T12:30:16.674+09:00  INFO 11564 --- [ch07] [restartedMain] kr.co.ch07.Ch07Application               : Started Ch07Application in 2.642 seconds (process running for 2.939)
2024-03-21T12:30:17.723+09:00  INFO 11564 --- [ch07] [http-nio-8080-exec-2] o.a.c.c.C.[Tomcat].[localhost].[/ch07]   : Initializing Spring DispatcherServlet 'dispatcherServlet'
2024-03-21T12:30:17.723+09:00  INFO 11564 --- [ch07] [http-nio-8080-exec-2] o.s.web.servlet.DispatcherServlet        : Initializing Servlet 'dispatcherServlet'
2024-03-21T12:30:17.723+09:00  INFO 11564 --- [ch07] [http-nio-8080-exec-2] o.s.web.servlet.DispatcherServlet        : Completed initialization in 0 ms
2024-03-21T12:45:06.633+09:00  INFO 11564 --- [ch07] [SpringApplicationShutdownHook] j.LocalContainerEntityManagerFactoryBean : Closing JPA EntityManagerFactory for persistence unit 'default'
2024-03-21T12:45:06.635+09:00  INFO 11564 --- [ch07] [SpringApplicationShutdownHook] com.zaxxer.hikari.HikariDataSource       : HikariPool-1 - Shutdown initiated...
2024-03-21T12:45:06.639+09:00  INFO 11564 --- [ch07] [SpringApplicationShutdownHook] com.zaxxer.hikari.HikariDataSource       : HikariPool-1 - Shutdown completed.
