2024-03-12T05:31:30.736+09:00  INFO 13024 --- [restartedMain] kr.co.ch06.Ch06Application               : Starting Ch06Application using Java 21.0.2 with PID 13024 (C:\Users\ksgg1\OneDrive\바탕 화면\Workspace\Spring\ch06\build\classes\java\main started by ksgg1 in C:\Users\ksgg1\OneDrive\바탕 화면\Workspace\Spring\ch06)
2024-03-12T05:31:30.761+09:00  INFO 13024 --- [restartedMain] kr.co.ch06.Ch06Application               : No active profile set, falling back to 1 default profile: "default"
2024-03-12T05:31:31.031+09:00  INFO 13024 --- [restartedMain] .e.DevToolsPropertyDefaultsPostProcessor : Devtools property defaults active! Set 'spring.devtools.add-properties' to 'false' to disable
2024-03-12T05:31:31.032+09:00  INFO 13024 --- [restartedMain] .e.DevToolsPropertyDefaultsPostProcessor : For additional web related logging consider setting the 'logging.level.web' property to 'DEBUG'
2024-03-12T05:31:31.667+09:00  INFO 13024 --- [restartedMain] o.s.b.w.embedded.tomcat.TomcatWebServer  : Tomcat initialized with port 8080 (http)
2024-03-12T05:31:31.677+09:00  INFO 13024 --- [restartedMain] o.apache.catalina.core.StandardService   : Starting service [Tomcat]
2024-03-12T05:31:31.678+09:00  INFO 13024 --- [restartedMain] o.apache.catalina.core.StandardEngine    : Starting Servlet engine: [Apache Tomcat/10.1.19]
2024-03-12T05:31:31.708+09:00  INFO 13024 --- [restartedMain] o.a.c.c.C.[Tomcat].[localhost].[/ch06]   : Initializing Spring embedded WebApplicationContext
2024-03-12T05:31:31.708+09:00  INFO 13024 --- [restartedMain] w.s.c.ServletWebServerApplicationContext : Root WebApplicationContext: initialization completed in 675 ms
2024-03-12T05:31:31.971+09:00  INFO 13024 --- [restartedMain] o.s.b.a.w.s.WelcomePageHandlerMapping    : Adding welcome page template: index
2024-03-12T05:31:32.194+09:00  INFO 13024 --- [restartedMain] o.s.b.d.a.OptionalLiveReloadServer       : LiveReload server is running on port 35729
2024-03-12T05:31:32.214+09:00  INFO 13024 --- [restartedMain] o.s.b.w.embedded.tomcat.TomcatWebServer  : Tomcat started on port 8080 (http) with context path '/ch06'
2024-03-12T05:31:32.221+09:00  INFO 13024 --- [restartedMain] kr.co.ch06.Ch06Application               : Started Ch06Application in 2.045 seconds (process running for 2.807)
2024-03-12T05:31:57.928+09:00  INFO 13024 --- [http-nio-8080-exec-5] o.a.c.c.C.[Tomcat].[localhost].[/ch06]   : Initializing Spring DispatcherServlet 'dispatcherServlet'
2024-03-12T05:31:57.928+09:00  INFO 13024 --- [http-nio-8080-exec-5] o.s.web.servlet.DispatcherServlet        : Initializing Servlet 'dispatcherServlet'
2024-03-12T05:31:57.929+09:00  INFO 13024 --- [http-nio-8080-exec-5] o.s.web.servlet.DispatcherServlet        : Completed initialization in 1 ms
2024-03-12T05:31:58.269+09:00  WARN 13024 --- [http-nio-8080-exec-5] o.t.s.p.StandardIncludeTagProcessor      : [THYMELEAF][http-nio-8080-exec-5][/index] Deprecated attribute {th:include,data-th-include} found in template /index, line 70, col 15. Please use {th:insert,data-th-insert} instead, this deprecated attribute will be removed in future versions of Thymeleaf.
2024-03-12T05:31:58.271+09:00  WARN 13024 --- [http-nio-8080-exec-5] actStandardFragmentInsertionTagProcessor : [THYMELEAF][http-nio-8080-exec-5][/index] Deprecated unwrapped fragment expression "/include/_header.html" found in template /index, line 70, col 15. Please use the complete syntax of fragment expressions instead ("~{/include/_header.html}"). The old, unwrapped syntax for fragment expressions will be removed in future versions of Thymeleaf.
2024-03-12T05:31:58.274+09:00  WARN 13024 --- [http-nio-8080-exec-5] o.t.s.p.StandardIncludeTagProcessor      : [THYMELEAF][http-nio-8080-exec-5][/index] Deprecated attribute {th:include,data-th-include} found in template /index, line 71, col 15. Please use {th:insert,data-th-insert} instead, this deprecated attribute will be removed in future versions of Thymeleaf.
2024-03-12T05:31:58.274+09:00  WARN 13024 --- [http-nio-8080-exec-5] actStandardFragmentInsertionTagProcessor : [THYMELEAF][http-nio-8080-exec-5][/index] Deprecated unwrapped fragment expression "/include/_footer.html" found in template /index, line 71, col 15. Please use the complete syntax of fragment expressions instead ("~{/include/_footer.html}"). The old, unwrapped syntax for fragment expressions will be removed in future versions of Thymeleaf.
2024-03-12T05:31:58.276+09:00  WARN 13024 --- [http-nio-8080-exec-5] actStandardFragmentInsertionTagProcessor : [THYMELEAF][http-nio-8080-exec-5][/index] Deprecated unwrapped fragment expression "/include/_header.html" found in template /index, line 73, col 10. Please use the complete syntax of fragment expressions instead ("~{/include/_header.html}"). The old, unwrapped syntax for fragment expressions will be removed in future versions of Thymeleaf.
2024-03-12T05:31:58.277+09:00  WARN 13024 --- [http-nio-8080-exec-5] actStandardFragmentInsertionTagProcessor : [THYMELEAF][http-nio-8080-exec-5][/index] Deprecated unwrapped fragment expression "/include/_footer.html" found in template /index, line 74, col 10. Please use the complete syntax of fragment expressions instead ("~{/include/_footer.html}"). The old, unwrapped syntax for fragment expressions will be removed in future versions of Thymeleaf.
2024-03-12T05:31:58.278+09:00  WARN 13024 --- [http-nio-8080-exec-5] actStandardFragmentInsertionTagProcessor : [THYMELEAF][http-nio-8080-exec-5][/index] Deprecated unwrapped fragment expression "/include/_header.html" found in template /index, line 76, col 10. Please use the complete syntax of fragment expressions instead ("~{/include/_header.html}"). The old, unwrapped syntax for fragment expressions will be removed in future versions of Thymeleaf.
2024-03-12T05:31:58.279+09:00  WARN 13024 --- [http-nio-8080-exec-5] actStandardFragmentInsertionTagProcessor : [THYMELEAF][http-nio-8080-exec-5][/index] Deprecated unwrapped fragment expression "/include/_footer.html" found in template /index, line 77, col 10. Please use the complete syntax of fragment expressions instead ("~{/include/_footer.html}"). The old, unwrapped syntax for fragment expressions will be removed in future versions of Thymeleaf.
2024-03-12T05:31:58.280+09:00  WARN 13024 --- [http-nio-8080-exec-5] o.t.s.p.StandardIncludeTagProcessor      : [THYMELEAF][http-nio-8080-exec-5][/index] Deprecated attribute {th:include,data-th-include} found in template /index, line 79, col 15. Please use {th:insert,data-th-insert} instead, this deprecated attribute will be removed in future versions of Thymeleaf.
2024-03-12T05:31:58.289+09:00  WARN 13024 --- [http-nio-8080-exec-5] o.t.s.p.StandardIncludeTagProcessor      : [THYMELEAF][http-nio-8080-exec-5][/index] Deprecated attribute {th:include,data-th-include} found in template /index, line 80, col 15. Please use {th:insert,data-th-insert} instead, this deprecated attribute will be removed in future versions of Thymeleaf.
2024-03-12T05:32:01.152+09:00  INFO 13024 --- [http-nio-8080-exec-2] com.zaxxer.hikari.HikariDataSource       : HikariPool-1 - Starting...
2024-03-12T05:32:01.544+09:00  INFO 13024 --- [http-nio-8080-exec-2] com.zaxxer.hikari.pool.HikariPool        : HikariPool-1 - Added connection com.mysql.cj.jdbc.ConnectionImpl@32513638
2024-03-12T05:32:01.545+09:00  INFO 13024 --- [http-nio-8080-exec-2] com.zaxxer.hikari.HikariDataSource       : HikariPool-1 - Start completed.
2024-03-12T05:32:31.772+09:00  WARN 13024 --- [http-nio-8080-exec-6] o.t.s.p.StandardIncludeTagProcessor      : [THYMELEAF][http-nio-8080-exec-6][/index] Deprecated attribute {th:include,data-th-include} found in template /index, line 70, col 15. Please use {th:insert,data-th-insert} instead, this deprecated attribute will be removed in future versions of Thymeleaf.
2024-03-12T05:32:31.773+09:00  WARN 13024 --- [http-nio-8080-exec-6] actStandardFragmentInsertionTagProcessor : [THYMELEAF][http-nio-8080-exec-6][/index] Deprecated unwrapped fragment expression "/include/_header.html" found in template /index, line 70, col 15. Please use the complete syntax of fragment expressions instead ("~{/include/_header.html}"). The old, unwrapped syntax for fragment expressions will be removed in future versions of Thymeleaf.
2024-03-12T05:32:31.774+09:00  WARN 13024 --- [http-nio-8080-exec-6] o.t.s.p.StandardIncludeTagProcessor      : [THYMELEAF][http-nio-8080-exec-6][/index] Deprecated attribute {th:include,data-th-include} found in template /index, line 71, col 15. Please use {th:insert,data-th-insert} instead, this deprecated attribute will be removed in future versions of Thymeleaf.
2024-03-12T05:32:31.775+09:00  WARN 13024 --- [http-nio-8080-exec-6] actStandardFragmentInsertionTagProcessor : [THYMELEAF][http-nio-8080-exec-6][/index] Deprecated unwrapped fragment expression "/include/_footer.html" found in template /index, line 71, col 15. Please use the complete syntax of fragment expressions instead ("~{/include/_footer.html}"). The old, unwrapped syntax for fragment expressions will be removed in future versions of Thymeleaf.
2024-03-12T05:32:31.776+09:00  WARN 13024 --- [http-nio-8080-exec-6] actStandardFragmentInsertionTagProcessor : [THYMELEAF][http-nio-8080-exec-6][/index] Deprecated unwrapped fragment expression "/include/_header.html" found in template /index, line 73, col 10. Please use the complete syntax of fragment expressions instead ("~{/include/_header.html}"). The old, unwrapped syntax for fragment expressions will be removed in future versions of Thymeleaf.
2024-03-12T05:32:31.778+09:00  WARN 13024 --- [http-nio-8080-exec-6] actStandardFragmentInsertionTagProcessor : [THYMELEAF][http-nio-8080-exec-6][/index] Deprecated unwrapped fragment expression "/include/_footer.html" found in template /index, line 74, col 10. Please use the complete syntax of fragment expressions instead ("~{/include/_footer.html}"). The old, unwrapped syntax for fragment expressions will be removed in future versions of Thymeleaf.
2024-03-12T05:32:31.780+09:00  WARN 13024 --- [http-nio-8080-exec-6] actStandardFragmentInsertionTagProcessor : [THYMELEAF][http-nio-8080-exec-6][/index] Deprecated unwrapped fragment expression "/include/_header.html" found in template /index, line 76, col 10. Please use the complete syntax of fragment expressions instead ("~{/include/_header.html}"). The old, unwrapped syntax for fragment expressions will be removed in future versions of Thymeleaf.
2024-03-12T05:32:31.781+09:00  WARN 13024 --- [http-nio-8080-exec-6] actStandardFragmentInsertionTagProcessor : [THYMELEAF][http-nio-8080-exec-6][/index] Deprecated unwrapped fragment expression "/include/_footer.html" found in template /index, line 77, col 10. Please use the complete syntax of fragment expressions instead ("~{/include/_footer.html}"). The old, unwrapped syntax for fragment expressions will be removed in future versions of Thymeleaf.
2024-03-12T05:32:31.783+09:00  WARN 13024 --- [http-nio-8080-exec-6] o.t.s.p.StandardIncludeTagProcessor      : [THYMELEAF][http-nio-8080-exec-6][/index] Deprecated attribute {th:include,data-th-include} found in template /index, line 79, col 15. Please use {th:insert,data-th-insert} instead, this deprecated attribute will be removed in future versions of Thymeleaf.
2024-03-12T05:32:31.785+09:00  WARN 13024 --- [http-nio-8080-exec-6] o.t.s.p.StandardIncludeTagProcessor      : [THYMELEAF][http-nio-8080-exec-6][/index] Deprecated attribute {th:include,data-th-include} found in template /index, line 80, col 15. Please use {th:insert,data-th-insert} instead, this deprecated attribute will be removed in future versions of Thymeleaf.
2024-03-12T05:32:42.834+09:00  WARN 13024 --- [http-nio-8080-exec-10] o.t.s.p.StandardIncludeTagProcessor      : [THYMELEAF][http-nio-8080-exec-10][/index] Deprecated attribute {th:include,data-th-include} found in template /index, line 70, col 15. Please use {th:insert,data-th-insert} instead, this deprecated attribute will be removed in future versions of Thymeleaf.
2024-03-12T05:32:42.834+09:00  WARN 13024 --- [http-nio-8080-exec-10] actStandardFragmentInsertionTagProcessor : [THYMELEAF][http-nio-8080-exec-10][/index] Deprecated unwrapped fragment expression "/include/_header.html" found in template /index, line 70, col 15. Please use the complete syntax of fragment expressions instead ("~{/include/_header.html}"). The old, unwrapped syntax for fragment expressions will be removed in future versions of Thymeleaf.
2024-03-12T05:32:42.835+09:00  WARN 13024 --- [http-nio-8080-exec-10] o.t.s.p.StandardIncludeTagProcessor      : [THYMELEAF][http-nio-8080-exec-10][/index] Deprecated attribute {th:include,data-th-include} found in template /index, line 71, col 15. Please use {th:insert,data-th-insert} instead, this deprecated attribute will be removed in future versions of Thymeleaf.
2024-03-12T05:32:42.835+09:00  WARN 13024 --- [http-nio-8080-exec-10] actStandardFragmentInsertionTagProcessor : [THYMELEAF][http-nio-8080-exec-10][/index] Deprecated unwrapped fragment expression "/include/_footer.html" found in template /index, line 71, col 15. Please use the complete syntax of fragment expressions instead ("~{/include/_footer.html}"). The old, unwrapped syntax for fragment expressions will be removed in future versions of Thymeleaf.
2024-03-12T05:32:42.837+09:00  WARN 13024 --- [http-nio-8080-exec-10] actStandardFragmentInsertionTagProcessor : [THYMELEAF][http-nio-8080-exec-10][/index] Deprecated unwrapped fragment expression "/include/_header.html" found in template /index, line 73, col 10. Please use the complete syntax of fragment expressions instead ("~{/include/_header.html}"). The old, unwrapped syntax for fragment expressions will be removed in future versions of Thymeleaf.
2024-03-12T05:32:42.837+09:00  WARN 13024 --- [http-nio-8080-exec-10] actStandardFragmentInsertionTagProcessor : [THYMELEAF][http-nio-8080-exec-10][/index] Deprecated unwrapped fragment expression "/include/_footer.html" found in template /index, line 74, col 10. Please use the complete syntax of fragment expressions instead ("~{/include/_footer.html}"). The old, unwrapped syntax for fragment expressions will be removed in future versions of Thymeleaf.
2024-03-12T05:32:42.838+09:00  WARN 13024 --- [http-nio-8080-exec-10] actStandardFragmentInsertionTagProcessor : [THYMELEAF][http-nio-8080-exec-10][/index] Deprecated unwrapped fragment expression "/include/_header.html" found in template /index, line 76, col 10. Please use the complete syntax of fragment expressions instead ("~{/include/_header.html}"). The old, unwrapped syntax for fragment expressions will be removed in future versions of Thymeleaf.
2024-03-12T05:32:42.839+09:00  WARN 13024 --- [http-nio-8080-exec-10] actStandardFragmentInsertionTagProcessor : [THYMELEAF][http-nio-8080-exec-10][/index] Deprecated unwrapped fragment expression "/include/_footer.html" found in template /index, line 77, col 10. Please use the complete syntax of fragment expressions instead ("~{/include/_footer.html}"). The old, unwrapped syntax for fragment expressions will be removed in future versions of Thymeleaf.
2024-03-12T05:32:42.841+09:00  WARN 13024 --- [http-nio-8080-exec-10] o.t.s.p.StandardIncludeTagProcessor      : [THYMELEAF][http-nio-8080-exec-10][/index] Deprecated attribute {th:include,data-th-include} found in template /index, line 79, col 15. Please use {th:insert,data-th-insert} instead, this deprecated attribute will be removed in future versions of Thymeleaf.
2024-03-12T05:32:42.842+09:00  WARN 13024 --- [http-nio-8080-exec-10] o.t.s.p.StandardIncludeTagProcessor      : [THYMELEAF][http-nio-8080-exec-10][/index] Deprecated attribute {th:include,data-th-include} found in template /index, line 80, col 15. Please use {th:insert,data-th-insert} instead, this deprecated attribute will be removed in future versions of Thymeleaf.
2024-03-12T05:39:50.237+09:00  INFO 13024 --- [File Watcher] rtingClassPathChangeChangedEventListener : Restarting due to 2 class path changes (0 additions, 0 deletions, 2 modifications)
2024-03-12T05:39:50.252+09:00  INFO 13024 --- [Thread-5] com.zaxxer.hikari.HikariDataSource       : HikariPool-1 - Shutdown initiated...
2024-03-12T05:39:50.261+09:00  INFO 13024 --- [Thread-5] com.zaxxer.hikari.HikariDataSource       : HikariPool-1 - Shutdown completed.
2024-03-12T05:39:50.346+09:00  INFO 13024 --- [restartedMain] kr.co.ch06.Ch06Application               : Starting Ch06Application using Java 21.0.2 with PID 13024 (C:\Users\ksgg1\OneDrive\바탕 화면\Workspace\Spring\ch06\build\classes\java\main started by ksgg1 in C:\Users\ksgg1\OneDrive\바탕 화면\Workspace\Spring\ch06)
2024-03-12T05:39:50.346+09:00  INFO 13024 --- [restartedMain] kr.co.ch06.Ch06Application               : No active profile set, falling back to 1 default profile: "default"
2024-03-12T05:39:50.513+09:00  INFO 13024 --- [restartedMain] o.s.b.w.embedded.tomcat.TomcatWebServer  : Tomcat initialized with port 8080 (http)
2024-03-12T05:39:50.514+09:00  INFO 13024 --- [restartedMain] o.apache.catalina.core.StandardService   : Starting service [Tomcat]
2024-03-12T05:39:50.514+09:00  INFO 13024 --- [restartedMain] o.apache.catalina.core.StandardEngine    : Starting Servlet engine: [Apache Tomcat/10.1.19]
2024-03-12T05:39:50.526+09:00  INFO 13024 --- [restartedMain] o.a.c.c.C.[Tomcat].[localhost].[/ch06]   : Initializing Spring embedded WebApplicationContext
2024-03-12T05:39:50.526+09:00  INFO 13024 --- [restartedMain] w.s.c.ServletWebServerApplicationContext : Root WebApplicationContext: initialization completed in 176 ms
2024-03-12T05:39:50.585+09:00  INFO 13024 --- [restartedMain] o.s.b.a.w.s.WelcomePageHandlerMapping    : Adding welcome page template: index
2024-03-12T05:39:50.637+09:00  INFO 13024 --- [restartedMain] o.s.b.d.a.OptionalLiveReloadServer       : LiveReload server is running on port 35729
2024-03-12T05:39:50.642+09:00  INFO 13024 --- [restartedMain] o.s.b.w.embedded.tomcat.TomcatWebServer  : Tomcat started on port 8080 (http) with context path '/ch06'
2024-03-12T05:39:50.644+09:00  INFO 13024 --- [restartedMain] kr.co.ch06.Ch06Application               : Started Ch06Application in 0.316 seconds (process running for 501.231)
2024-03-12T05:39:50.646+09:00  INFO 13024 --- [restartedMain] .ConditionEvaluationDeltaLoggingListener : Condition evaluation unchanged
2024-03-12T06:09:17.836+09:00  INFO 1644 --- [restartedMain] kr.co.ch06.Ch06Application               : Starting Ch06Application using Java 21.0.2 with PID 1644 (C:\Users\ksgg1\OneDrive\바탕 화면\Workspace\Spring\ch06\build\classes\java\main started by ksgg1 in C:\Users\ksgg1\OneDrive\바탕 화면\Workspace\Spring\ch06)
2024-03-12T06:09:17.837+09:00  INFO 1644 --- [restartedMain] kr.co.ch06.Ch06Application               : No active profile set, falling back to 1 default profile: "default"
2024-03-12T06:09:17.982+09:00  INFO 1644 --- [restartedMain] .e.DevToolsPropertyDefaultsPostProcessor : Devtools property defaults active! Set 'spring.devtools.add-properties' to 'false' to disable
2024-03-12T06:09:17.982+09:00  INFO 1644 --- [restartedMain] .e.DevToolsPropertyDefaultsPostProcessor : For additional web related logging consider setting the 'logging.level.web' property to 'DEBUG'
2024-03-12T06:09:18.718+09:00  INFO 1644 --- [restartedMain] o.s.b.w.embedded.tomcat.TomcatWebServer  : Tomcat initialized with port 8080 (http)
2024-03-12T06:09:18.724+09:00  INFO 1644 --- [restartedMain] o.apache.catalina.core.StandardService   : Starting service [Tomcat]
2024-03-12T06:09:18.725+09:00  INFO 1644 --- [restartedMain] o.apache.catalina.core.StandardEngine    : Starting Servlet engine: [Apache Tomcat/10.1.19]
2024-03-12T06:09:18.756+09:00  INFO 1644 --- [restartedMain] o.a.c.c.C.[Tomcat].[localhost].[/ch06]   : Initializing Spring embedded WebApplicationContext
2024-03-12T06:09:18.756+09:00  INFO 1644 --- [restartedMain] w.s.c.ServletWebServerApplicationContext : Root WebApplicationContext: initialization completed in 773 ms
2024-03-12T06:09:19.000+09:00  INFO 1644 --- [restartedMain] o.s.b.a.w.s.WelcomePageHandlerMapping    : Adding welcome page template: index
2024-03-12T06:09:19.234+09:00  INFO 1644 --- [restartedMain] o.s.b.d.a.OptionalLiveReloadServer       : LiveReload server is running on port 35729
2024-03-12T06:09:19.256+09:00  INFO 1644 --- [restartedMain] o.s.b.w.embedded.tomcat.TomcatWebServer  : Tomcat started on port 8080 (http) with context path '/ch06'
2024-03-12T06:09:19.262+09:00  INFO 1644 --- [restartedMain] kr.co.ch06.Ch06Application               : Started Ch06Application in 1.711 seconds (process running for 2.208)
2024-03-12T06:09:24.512+09:00  INFO 1644 --- [http-nio-8080-exec-2] o.a.c.c.C.[Tomcat].[localhost].[/ch06]   : Initializing Spring DispatcherServlet 'dispatcherServlet'
2024-03-12T06:09:24.513+09:00  INFO 1644 --- [http-nio-8080-exec-2] o.s.web.servlet.DispatcherServlet        : Initializing Servlet 'dispatcherServlet'
2024-03-12T06:09:24.513+09:00  INFO 1644 --- [http-nio-8080-exec-2] o.s.web.servlet.DispatcherServlet        : Completed initialization in 0 ms
2024-03-12T06:09:24.843+09:00  WARN 1644 --- [http-nio-8080-exec-2] o.t.s.p.StandardIncludeTagProcessor      : [THYMELEAF][http-nio-8080-exec-2][/index] Deprecated attribute {th:include,data-th-include} found in template /index, line 70, col 15. Please use {th:insert,data-th-insert} instead, this deprecated attribute will be removed in future versions of Thymeleaf.
2024-03-12T06:09:24.844+09:00  WARN 1644 --- [http-nio-8080-exec-2] actStandardFragmentInsertionTagProcessor : [THYMELEAF][http-nio-8080-exec-2][/index] Deprecated unwrapped fragment expression "/include/_header.html" found in template /index, line 70, col 15. Please use the complete syntax of fragment expressions instead ("~{/include/_header.html}"). The old, unwrapped syntax for fragment expressions will be removed in future versions of Thymeleaf.
2024-03-12T06:09:24.847+09:00  WARN 1644 --- [http-nio-8080-exec-2] o.t.s.p.StandardIncludeTagProcessor      : [THYMELEAF][http-nio-8080-exec-2][/index] Deprecated attribute {th:include,data-th-include} found in template /index, line 71, col 15. Please use {th:insert,data-th-insert} instead, this deprecated attribute will be removed in future versions of Thymeleaf.
2024-03-12T06:09:24.848+09:00  WARN 1644 --- [http-nio-8080-exec-2] actStandardFragmentInsertionTagProcessor : [THYMELEAF][http-nio-8080-exec-2][/index] Deprecated unwrapped fragment expression "/include/_footer.html" found in template /index, line 71, col 15. Please use the complete syntax of fragment expressions instead ("~{/include/_footer.html}"). The old, unwrapped syntax for fragment expressions will be removed in future versions of Thymeleaf.
2024-03-12T06:09:24.849+09:00  WARN 1644 --- [http-nio-8080-exec-2] actStandardFragmentInsertionTagProcessor : [THYMELEAF][http-nio-8080-exec-2][/index] Deprecated unwrapped fragment expression "/include/_header.html" found in template /index, line 73, col 10. Please use the complete syntax of fragment expressions instead ("~{/include/_header.html}"). The old, unwrapped syntax for fragment expressions will be removed in future versions of Thymeleaf.
2024-03-12T06:09:24.851+09:00  WARN 1644 --- [http-nio-8080-exec-2] actStandardFragmentInsertionTagProcessor : [THYMELEAF][http-nio-8080-exec-2][/index] Deprecated unwrapped fragment expression "/include/_footer.html" found in template /index, line 74, col 10. Please use the complete syntax of fragment expressions instead ("~{/include/_footer.html}"). The old, unwrapped syntax for fragment expressions will be removed in future versions of Thymeleaf.
2024-03-12T06:09:24.852+09:00  WARN 1644 --- [http-nio-8080-exec-2] actStandardFragmentInsertionTagProcessor : [THYMELEAF][http-nio-8080-exec-2][/index] Deprecated unwrapped fragment expression "/include/_header.html" found in template /index, line 76, col 10. Please use the complete syntax of fragment expressions instead ("~{/include/_header.html}"). The old, unwrapped syntax for fragment expressions will be removed in future versions of Thymeleaf.
2024-03-12T06:09:24.854+09:00  WARN 1644 --- [http-nio-8080-exec-2] actStandardFragmentInsertionTagProcessor : [THYMELEAF][http-nio-8080-exec-2][/index] Deprecated unwrapped fragment expression "/include/_footer.html" found in template /index, line 77, col 10. Please use the complete syntax of fragment expressions instead ("~{/include/_footer.html}"). The old, unwrapped syntax for fragment expressions will be removed in future versions of Thymeleaf.
2024-03-12T06:09:24.856+09:00  WARN 1644 --- [http-nio-8080-exec-2] o.t.s.p.StandardIncludeTagProcessor      : [THYMELEAF][http-nio-8080-exec-2][/index] Deprecated attribute {th:include,data-th-include} found in template /index, line 79, col 15. Please use {th:insert,data-th-insert} instead, this deprecated attribute will be removed in future versions of Thymeleaf.
2024-03-12T06:09:24.867+09:00  WARN 1644 --- [http-nio-8080-exec-2] o.t.s.p.StandardIncludeTagProcessor      : [THYMELEAF][http-nio-8080-exec-2][/index] Deprecated attribute {th:include,data-th-include} found in template /index, line 80, col 15. Please use {th:insert,data-th-insert} instead, this deprecated attribute will be removed in future versions of Thymeleaf.
2024-03-12T06:09:31.321+09:00  INFO 1644 --- [http-nio-8080-exec-1] com.zaxxer.hikari.HikariDataSource       : HikariPool-1 - Starting...
2024-03-12T06:09:31.601+09:00  INFO 1644 --- [http-nio-8080-exec-1] com.zaxxer.hikari.pool.HikariPool        : HikariPool-1 - Added connection com.mysql.cj.jdbc.ConnectionImpl@7910b1cd
2024-03-12T06:09:31.602+09:00  INFO 1644 --- [http-nio-8080-exec-1] com.zaxxer.hikari.HikariDataSource       : HikariPool-1 - Start completed.
2024-03-12T06:13:13.107+09:00  INFO 1644 --- [File Watcher] rtingClassPathChangeChangedEventListener : Restarting due to 29 class path changes (0 additions, 0 deletions, 29 modifications)
2024-03-12T06:13:13.122+09:00  INFO 1644 --- [Thread-5] com.zaxxer.hikari.HikariDataSource       : HikariPool-1 - Shutdown initiated...
2024-03-12T06:13:13.129+09:00  INFO 1644 --- [Thread-5] com.zaxxer.hikari.HikariDataSource       : HikariPool-1 - Shutdown completed.
2024-03-12T06:13:13.209+09:00  INFO 1644 --- [restartedMain] kr.co.ch06.Ch06Application               : Starting Ch06Application using Java 21.0.2 with PID 1644 (C:\Users\ksgg1\OneDrive\바탕 화면\Workspace\Spring\ch06\build\classes\java\main started by ksgg1 in C:\Users\ksgg1\OneDrive\바탕 화면\Workspace\Spring\ch06)
2024-03-12T06:13:13.210+09:00  INFO 1644 --- [restartedMain] kr.co.ch06.Ch06Application               : No active profile set, falling back to 1 default profile: "default"
2024-03-12T06:13:13.442+09:00  INFO 1644 --- [restartedMain] o.s.b.w.embedded.tomcat.TomcatWebServer  : Tomcat initialized with port 8080 (http)
2024-03-12T06:13:13.445+09:00  INFO 1644 --- [restartedMain] o.apache.catalina.core.StandardService   : Starting service [Tomcat]
2024-03-12T06:13:13.445+09:00  INFO 1644 --- [restartedMain] o.apache.catalina.core.StandardEngine    : Starting Servlet engine: [Apache Tomcat/10.1.19]
2024-03-12T06:13:13.455+09:00  INFO 1644 --- [restartedMain] o.a.c.c.C.[Tomcat].[localhost].[/ch06]   : Initializing Spring embedded WebApplicationContext
2024-03-12T06:13:13.455+09:00  INFO 1644 --- [restartedMain] w.s.c.ServletWebServerApplicationContext : Root WebApplicationContext: initialization completed in 240 ms
2024-03-12T06:13:13.535+09:00  INFO 1644 --- [restartedMain] o.s.b.a.w.s.WelcomePageHandlerMapping    : Adding welcome page template: index
2024-03-12T06:13:13.599+09:00  INFO 1644 --- [restartedMain] o.s.b.d.a.OptionalLiveReloadServer       : LiveReload server is running on port 35729
2024-03-12T06:13:13.605+09:00  INFO 1644 --- [restartedMain] o.s.b.w.embedded.tomcat.TomcatWebServer  : Tomcat started on port 8080 (http) with context path '/ch06'
2024-03-12T06:13:13.607+09:00  INFO 1644 --- [restartedMain] kr.co.ch06.Ch06Application               : Started Ch06Application in 0.421 seconds (process running for 236.552)
2024-03-12T06:13:13.608+09:00  INFO 1644 --- [restartedMain] .ConditionEvaluationDeltaLoggingListener : Condition evaluation unchanged
2024-03-12T06:13:13.652+09:00  INFO 1644 --- [http-nio-8080-exec-1] o.a.c.c.C.[Tomcat].[localhost].[/ch06]   : Initializing Spring DispatcherServlet 'dispatcherServlet'
2024-03-12T06:13:13.652+09:00  INFO 1644 --- [http-nio-8080-exec-1] o.s.web.servlet.DispatcherServlet        : Initializing Servlet 'dispatcherServlet'
2024-03-12T06:13:13.653+09:00  INFO 1644 --- [http-nio-8080-exec-1] o.s.web.servlet.DispatcherServlet        : Completed initialization in 1 ms
2024-03-12T06:13:13.659+09:00  INFO 1644 --- [http-nio-8080-exec-1] com.zaxxer.hikari.HikariDataSource       : HikariPool-2 - Starting...
2024-03-12T06:13:13.683+09:00  INFO 1644 --- [http-nio-8080-exec-1] com.zaxxer.hikari.pool.HikariPool        : HikariPool-2 - Added connection com.mysql.cj.jdbc.ConnectionImpl@8334d3a
2024-03-12T06:13:13.685+09:00  INFO 1644 --- [http-nio-8080-exec-1] com.zaxxer.hikari.HikariDataSource       : HikariPool-2 - Start completed.
2024-03-12T06:14:03.391+09:00  INFO 1644 --- [File Watcher] rtingClassPathChangeChangedEventListener : Restarting due to 29 class path changes (0 additions, 0 deletions, 29 modifications)
2024-03-12T06:14:03.398+09:00  INFO 1644 --- [Thread-7] com.zaxxer.hikari.HikariDataSource       : HikariPool-2 - Shutdown initiated...
2024-03-12T06:14:03.404+09:00  INFO 1644 --- [Thread-7] com.zaxxer.hikari.HikariDataSource       : HikariPool-2 - Shutdown completed.
2024-03-12T06:14:03.476+09:00  INFO 1644 --- [restartedMain] kr.co.ch06.Ch06Application               : Starting Ch06Application using Java 21.0.2 with PID 1644 (C:\Users\ksgg1\OneDrive\바탕 화면\Workspace\Spring\ch06\build\classes\java\main started by ksgg1 in C:\Users\ksgg1\OneDrive\바탕 화면\Workspace\Spring\ch06)
2024-03-12T06:14:03.476+09:00  INFO 1644 --- [restartedMain] kr.co.ch06.Ch06Application               : No active profile set, falling back to 1 default profile: "default"
2024-03-12T06:14:03.593+09:00  INFO 1644 --- [restartedMain] o.s.b.w.embedded.tomcat.TomcatWebServer  : Tomcat initialized with port 8080 (http)
2024-03-12T06:14:03.593+09:00  INFO 1644 --- [restartedMain] o.apache.catalina.core.StandardService   : Starting service [Tomcat]
2024-03-12T06:14:03.593+09:00  INFO 1644 --- [restartedMain] o.apache.catalina.core.StandardEngine    : Starting Servlet engine: [Apache Tomcat/10.1.19]
2024-03-12T06:14:03.601+09:00  INFO 1644 --- [restartedMain] o.a.c.c.C.[Tomcat].[localhost].[/ch06]   : Initializing Spring embedded WebApplicationContext
2024-03-12T06:14:03.601+09:00  INFO 1644 --- [restartedMain] w.s.c.ServletWebServerApplicationContext : Root WebApplicationContext: initialization completed in 124 ms
2024-03-12T06:14:03.657+09:00  INFO 1644 --- [restartedMain] o.s.b.a.w.s.WelcomePageHandlerMapping    : Adding welcome page template: index
2024-03-12T06:14:03.693+09:00  INFO 1644 --- [restartedMain] o.s.b.d.a.OptionalLiveReloadServer       : LiveReload server is running on port 35729
2024-03-12T06:14:03.697+09:00  INFO 1644 --- [restartedMain] o.s.b.w.embedded.tomcat.TomcatWebServer  : Tomcat started on port 8080 (http) with context path '/ch06'
2024-03-12T06:14:03.699+09:00  INFO 1644 --- [restartedMain] kr.co.ch06.Ch06Application               : Started Ch06Application in 0.236 seconds (process running for 286.645)
2024-03-12T06:14:03.700+09:00  INFO 1644 --- [restartedMain] .ConditionEvaluationDeltaLoggingListener : Condition evaluation unchanged
2024-03-12T06:16:27.653+09:00  INFO 1644 --- [http-nio-8080-exec-1] o.a.c.c.C.[Tomcat].[localhost].[/ch06]   : Initializing Spring DispatcherServlet 'dispatcherServlet'
2024-03-12T06:16:27.654+09:00  INFO 1644 --- [http-nio-8080-exec-1] o.s.web.servlet.DispatcherServlet        : Initializing Servlet 'dispatcherServlet'
2024-03-12T06:16:27.655+09:00  INFO 1644 --- [http-nio-8080-exec-1] o.s.web.servlet.DispatcherServlet        : Completed initialization in 1 ms
2024-03-12T06:16:29.156+09:00  INFO 1644 --- [File Watcher] rtingClassPathChangeChangedEventListener : Restarting due to 29 class path changes (0 additions, 0 deletions, 29 modifications)
2024-03-12T06:16:29.222+09:00  INFO 1644 --- [restartedMain] kr.co.ch06.Ch06Application               : Starting Ch06Application using Java 21.0.2 with PID 1644 (C:\Users\ksgg1\OneDrive\바탕 화면\Workspace\Spring\ch06\build\classes\java\main started by ksgg1 in C:\Users\ksgg1\OneDrive\바탕 화면\Workspace\Spring\ch06)
2024-03-12T06:16:29.222+09:00  INFO 1644 --- [restartedMain] kr.co.ch06.Ch06Application               : No active profile set, falling back to 1 default profile: "default"
2024-03-12T06:16:29.412+09:00  INFO 1644 --- [restartedMain] o.s.b.w.embedded.tomcat.TomcatWebServer  : Tomcat initialized with port 8080 (http)
2024-03-12T06:16:29.413+09:00  INFO 1644 --- [restartedMain] o.apache.catalina.core.StandardService   : Starting service [Tomcat]
2024-03-12T06:16:29.413+09:00  INFO 1644 --- [restartedMain] o.apache.catalina.core.StandardEngine    : Starting Servlet engine: [Apache Tomcat/10.1.19]
2024-03-12T06:16:29.425+09:00  INFO 1644 --- [restartedMain] o.a.c.c.C.[Tomcat].[localhost].[/ch06]   : Initializing Spring embedded WebApplicationContext
2024-03-12T06:16:29.425+09:00  INFO 1644 --- [restartedMain] w.s.c.ServletWebServerApplicationContext : Root WebApplicationContext: initialization completed in 198 ms
2024-03-12T06:16:29.499+09:00  INFO 1644 --- [restartedMain] o.s.b.a.w.s.WelcomePageHandlerMapping    : Adding welcome page template: index
2024-03-12T06:16:29.551+09:00  INFO 1644 --- [restartedMain] o.s.b.d.a.OptionalLiveReloadServer       : LiveReload server is running on port 35729
2024-03-12T06:16:29.557+09:00  INFO 1644 --- [restartedMain] o.s.b.w.embedded.tomcat.TomcatWebServer  : Tomcat started on port 8080 (http) with context path '/ch06'
2024-03-12T06:16:29.558+09:00  INFO 1644 --- [restartedMain] kr.co.ch06.Ch06Application               : Started Ch06Application in 0.356 seconds (process running for 432.504)
2024-03-12T06:16:29.559+09:00  INFO 1644 --- [restartedMain] .ConditionEvaluationDeltaLoggingListener : Condition evaluation unchanged
2024-03-12T06:16:56.649+09:00  INFO 1644 --- [http-nio-8080-exec-1] o.a.c.c.C.[Tomcat].[localhost].[/ch06]   : Initializing Spring DispatcherServlet 'dispatcherServlet'
2024-03-12T06:16:56.650+09:00  INFO 1644 --- [http-nio-8080-exec-1] o.s.web.servlet.DispatcherServlet        : Initializing Servlet 'dispatcherServlet'
2024-03-12T06:16:56.651+09:00  INFO 1644 --- [http-nio-8080-exec-1] o.s.web.servlet.DispatcherServlet        : Completed initialization in 1 ms
2024-03-12T06:16:56.653+09:00  INFO 1644 --- [http-nio-8080-exec-1] com.zaxxer.hikari.HikariDataSource       : HikariPool-3 - Starting...
2024-03-12T06:16:56.674+09:00  INFO 1644 --- [http-nio-8080-exec-1] com.zaxxer.hikari.pool.HikariPool        : HikariPool-3 - Added connection com.mysql.cj.jdbc.ConnectionImpl@38942a83
2024-03-12T06:16:56.675+09:00  INFO 1644 --- [http-nio-8080-exec-1] com.zaxxer.hikari.HikariDataSource       : HikariPool-3 - Start completed.
2024-03-12T06:16:58.366+09:00  WARN 1644 --- [http-nio-8080-exec-3] o.t.s.p.StandardIncludeTagProcessor      : [THYMELEAF][http-nio-8080-exec-3][/index] Deprecated attribute {th:include,data-th-include} found in template /index, line 70, col 15. Please use {th:insert,data-th-insert} instead, this deprecated attribute will be removed in future versions of Thymeleaf.
2024-03-12T06:16:58.366+09:00  WARN 1644 --- [http-nio-8080-exec-3] actStandardFragmentInsertionTagProcessor : [THYMELEAF][http-nio-8080-exec-3][/index] Deprecated unwrapped fragment expression "/include/_header.html" found in template /index, line 70, col 15. Please use the complete syntax of fragment expressions instead ("~{/include/_header.html}"). The old, unwrapped syntax for fragment expressions will be removed in future versions of Thymeleaf.
2024-03-12T06:16:58.368+09:00  WARN 1644 --- [http-nio-8080-exec-3] o.t.s.p.StandardIncludeTagProcessor      : [THYMELEAF][http-nio-8080-exec-3][/index] Deprecated attribute {th:include,data-th-include} found in template /index, line 71, col 15. Please use {th:insert,data-th-insert} instead, this deprecated attribute will be removed in future versions of Thymeleaf.
2024-03-12T06:16:58.369+09:00  WARN 1644 --- [http-nio-8080-exec-3] actStandardFragmentInsertionTagProcessor : [THYMELEAF][http-nio-8080-exec-3][/index] Deprecated unwrapped fragment expression "/include/_footer.html" found in template /index, line 71, col 15. Please use the complete syntax of fragment expressions instead ("~{/include/_footer.html}"). The old, unwrapped syntax for fragment expressions will be removed in future versions of Thymeleaf.
2024-03-12T06:16:58.370+09:00  WARN 1644 --- [http-nio-8080-exec-3] actStandardFragmentInsertionTagProcessor : [THYMELEAF][http-nio-8080-exec-3][/index] Deprecated unwrapped fragment expression "/include/_header.html" found in template /index, line 73, col 10. Please use the complete syntax of fragment expressions instead ("~{/include/_header.html}"). The old, unwrapped syntax for fragment expressions will be removed in future versions of Thymeleaf.
2024-03-12T06:16:58.371+09:00  WARN 1644 --- [http-nio-8080-exec-3] actStandardFragmentInsertionTagProcessor : [THYMELEAF][http-nio-8080-exec-3][/index] Deprecated unwrapped fragment expression "/include/_footer.html" found in template /index, line 74, col 10. Please use the complete syntax of fragment expressions instead ("~{/include/_footer.html}"). The old, unwrapped syntax for fragment expressions will be removed in future versions of Thymeleaf.
2024-03-12T06:16:58.371+09:00  WARN 1644 --- [http-nio-8080-exec-3] actStandardFragmentInsertionTagProcessor : [THYMELEAF][http-nio-8080-exec-3][/index] Deprecated unwrapped fragment expression "/include/_header.html" found in template /index, line 76, col 10. Please use the complete syntax of fragment expressions instead ("~{/include/_header.html}"). The old, unwrapped syntax for fragment expressions will be removed in future versions of Thymeleaf.
2024-03-12T06:16:58.372+09:00  WARN 1644 --- [http-nio-8080-exec-3] actStandardFragmentInsertionTagProcessor : [THYMELEAF][http-nio-8080-exec-3][/index] Deprecated unwrapped fragment expression "/include/_footer.html" found in template /index, line 77, col 10. Please use the complete syntax of fragment expressions instead ("~{/include/_footer.html}"). The old, unwrapped syntax for fragment expressions will be removed in future versions of Thymeleaf.
2024-03-12T06:16:58.372+09:00  WARN 1644 --- [http-nio-8080-exec-3] o.t.s.p.StandardIncludeTagProcessor      : [THYMELEAF][http-nio-8080-exec-3][/index] Deprecated attribute {th:include,data-th-include} found in template /index, line 79, col 15. Please use {th:insert,data-th-insert} instead, this deprecated attribute will be removed in future versions of Thymeleaf.
2024-03-12T06:16:58.374+09:00  WARN 1644 --- [http-nio-8080-exec-3] o.t.s.p.StandardIncludeTagProcessor      : [THYMELEAF][http-nio-8080-exec-3][/index] Deprecated attribute {th:include,data-th-include} found in template /index, line 80, col 15. Please use {th:insert,data-th-insert} instead, this deprecated attribute will be removed in future versions of Thymeleaf.
2024-03-12T06:22:23.021+09:00  INFO 1644 --- [File Watcher] rtingClassPathChangeChangedEventListener : Restarting due to 29 class path changes (0 additions, 0 deletions, 29 modifications)
2024-03-12T06:22:23.029+09:00  INFO 1644 --- [Thread-15] com.zaxxer.hikari.HikariDataSource       : HikariPool-3 - Shutdown initiated...
2024-03-12T06:22:23.036+09:00  INFO 1644 --- [Thread-15] com.zaxxer.hikari.HikariDataSource       : HikariPool-3 - Shutdown completed.
2024-03-12T06:22:23.105+09:00  INFO 1644 --- [restartedMain] kr.co.ch06.Ch06Application               : Starting Ch06Application using Java 21.0.2 with PID 1644 (C:\Users\ksgg1\OneDrive\바탕 화면\Workspace\Spring\ch06\build\classes\java\main started by ksgg1 in C:\Users\ksgg1\OneDrive\바탕 화면\Workspace\Spring\ch06)
2024-03-12T06:22:23.105+09:00  INFO 1644 --- [restartedMain] kr.co.ch06.Ch06Application               : No active profile set, falling back to 1 default profile: "default"
2024-03-12T06:22:23.238+09:00  INFO 1644 --- [restartedMain] o.s.b.w.embedded.tomcat.TomcatWebServer  : Tomcat initialized with port 8080 (http)
2024-03-12T06:22:23.239+09:00  INFO 1644 --- [restartedMain] o.apache.catalina.core.StandardService   : Starting service [Tomcat]
2024-03-12T06:22:23.239+09:00  INFO 1644 --- [restartedMain] o.apache.catalina.core.StandardEngine    : Starting Servlet engine: [Apache Tomcat/10.1.19]
2024-03-12T06:22:23.247+09:00  INFO 1644 --- [restartedMain] o.a.c.c.C.[Tomcat].[localhost].[/ch06]   : Initializing Spring embedded WebApplicationContext
2024-03-12T06:22:23.247+09:00  INFO 1644 --- [restartedMain] w.s.c.ServletWebServerApplicationContext : Root WebApplicationContext: initialization completed in 138 ms
2024-03-12T06:22:23.324+09:00  INFO 1644 --- [restartedMain] o.s.b.a.w.s.WelcomePageHandlerMapping    : Adding welcome page template: index
2024-03-12T06:22:23.370+09:00  INFO 1644 --- [restartedMain] o.s.b.d.a.OptionalLiveReloadServer       : LiveReload server is running on port 35729
2024-03-12T06:22:23.376+09:00  INFO 1644 --- [restartedMain] o.s.b.w.embedded.tomcat.TomcatWebServer  : Tomcat started on port 8080 (http) with context path '/ch06'
2024-03-12T06:22:23.379+09:00  INFO 1644 --- [restartedMain] kr.co.ch06.Ch06Application               : Started Ch06Application in 0.293 seconds (process running for 786.324)
2024-03-12T06:22:23.380+09:00  INFO 1644 --- [restartedMain] .ConditionEvaluationDeltaLoggingListener : Condition evaluation unchanged
2024-03-12T06:36:04.552+09:00  INFO 1644 --- [http-nio-8080-exec-1] o.a.c.c.C.[Tomcat].[localhost].[/ch06]   : Initializing Spring DispatcherServlet 'dispatcherServlet'
2024-03-12T06:36:04.552+09:00  INFO 1644 --- [http-nio-8080-exec-1] o.s.web.servlet.DispatcherServlet        : Initializing Servlet 'dispatcherServlet'
2024-03-12T06:36:04.553+09:00  INFO 1644 --- [http-nio-8080-exec-1] o.s.web.servlet.DispatcherServlet        : Completed initialization in 1 ms
2024-03-12T06:36:04.589+09:00  WARN 1644 --- [http-nio-8080-exec-1] o.t.s.p.StandardIncludeTagProcessor      : [THYMELEAF][http-nio-8080-exec-1][/index] Deprecated attribute {th:include,data-th-include} found in template /index, line 70, col 15. Please use {th:insert,data-th-insert} instead, this deprecated attribute will be removed in future versions of Thymeleaf.
2024-03-12T06:36:04.589+09:00  WARN 1644 --- [http-nio-8080-exec-1] actStandardFragmentInsertionTagProcessor : [THYMELEAF][http-nio-8080-exec-1][/index] Deprecated unwrapped fragment expression "/include/_header.html" found in template /index, line 70, col 15. Please use the complete syntax of fragment expressions instead ("~{/include/_header.html}"). The old, unwrapped syntax for fragment expressions will be removed in future versions of Thymeleaf.
2024-03-12T06:36:04.591+09:00  WARN 1644 --- [http-nio-8080-exec-1] o.t.s.p.StandardIncludeTagProcessor      : [THYMELEAF][http-nio-8080-exec-1][/index] Deprecated attribute {th:include,data-th-include} found in template /index, line 71, col 15. Please use {th:insert,data-th-insert} instead, this deprecated attribute will be removed in future versions of Thymeleaf.
2024-03-12T06:36:04.591+09:00  WARN 1644 --- [http-nio-8080-exec-1] actStandardFragmentInsertionTagProcessor : [THYMELEAF][http-nio-8080-exec-1][/index] Deprecated unwrapped fragment expression "/include/_footer.html" found in template /index, line 71, col 15. Please use the complete syntax of fragment expressions instead ("~{/include/_footer.html}"). The old, unwrapped syntax for fragment expressions will be removed in future versions of Thymeleaf.
2024-03-12T06:36:04.592+09:00  WARN 1644 --- [http-nio-8080-exec-1] actStandardFragmentInsertionTagProcessor : [THYMELEAF][http-nio-8080-exec-1][/index] Deprecated unwrapped fragment expression "/include/_header.html" found in template /index, line 73, col 10. Please use the complete syntax of fragment expressions instead ("~{/include/_header.html}"). The old, unwrapped syntax for fragment expressions will be removed in future versions of Thymeleaf.
2024-03-12T06:36:04.593+09:00  WARN 1644 --- [http-nio-8080-exec-1] actStandardFragmentInsertionTagProcessor : [THYMELEAF][http-nio-8080-exec-1][/index] Deprecated unwrapped fragment expression "/include/_footer.html" found in template /index, line 74, col 10. Please use the complete syntax of fragment expressions instead ("~{/include/_footer.html}"). The old, unwrapped syntax for fragment expressions will be removed in future versions of Thymeleaf.
2024-03-12T06:36:04.594+09:00  WARN 1644 --- [http-nio-8080-exec-1] actStandardFragmentInsertionTagProcessor : [THYMELEAF][http-nio-8080-exec-1][/index] Deprecated unwrapped fragment expression "/include/_header.html" found in template /index, line 76, col 10. Please use the complete syntax of fragment expressions instead ("~{/include/_header.html}"). The old, unwrapped syntax for fragment expressions will be removed in future versions of Thymeleaf.
2024-03-12T06:36:04.596+09:00  WARN 1644 --- [http-nio-8080-exec-1] actStandardFragmentInsertionTagProcessor : [THYMELEAF][http-nio-8080-exec-1][/index] Deprecated unwrapped fragment expression "/include/_footer.html" found in template /index, line 77, col 10. Please use the complete syntax of fragment expressions instead ("~{/include/_footer.html}"). The old, unwrapped syntax for fragment expressions will be removed in future versions of Thymeleaf.
2024-03-12T06:36:04.597+09:00  WARN 1644 --- [http-nio-8080-exec-1] o.t.s.p.StandardIncludeTagProcessor      : [THYMELEAF][http-nio-8080-exec-1][/index] Deprecated attribute {th:include,data-th-include} found in template /index, line 79, col 15. Please use {th:insert,data-th-insert} instead, this deprecated attribute will be removed in future versions of Thymeleaf.
2024-03-12T06:36:04.599+09:00  WARN 1644 --- [http-nio-8080-exec-1] o.t.s.p.StandardIncludeTagProcessor      : [THYMELEAF][http-nio-8080-exec-1][/index] Deprecated attribute {th:include,data-th-include} found in template /index, line 80, col 15. Please use {th:insert,data-th-insert} instead, this deprecated attribute will be removed in future versions of Thymeleaf.
2024-03-12T06:36:06.294+09:00  INFO 1644 --- [File Watcher] rtingClassPathChangeChangedEventListener : Restarting due to 37 class path changes (4 additions, 0 deletions, 33 modifications)
2024-03-12T06:36:06.377+09:00  INFO 1644 --- [restartedMain] kr.co.ch06.Ch06Application               : Starting Ch06Application using Java 21.0.2 with PID 1644 (C:\Users\ksgg1\OneDrive\바탕 화면\Workspace\Spring\ch06\build\classes\java\main started by ksgg1 in C:\Users\ksgg1\OneDrive\바탕 화면\Workspace\Spring\ch06)
2024-03-12T06:36:06.377+09:00  INFO 1644 --- [restartedMain] kr.co.ch06.Ch06Application               : No active profile set, falling back to 1 default profile: "default"
2024-03-12T06:36:06.641+09:00  INFO 1644 --- [restartedMain] o.s.b.w.embedded.tomcat.TomcatWebServer  : Tomcat initialized with port 8080 (http)
2024-03-12T06:36:06.643+09:00  INFO 1644 --- [restartedMain] o.apache.catalina.core.StandardService   : Starting service [Tomcat]
2024-03-12T06:36:06.643+09:00  INFO 1644 --- [restartedMain] o.apache.catalina.core.StandardEngine    : Starting Servlet engine: [Apache Tomcat/10.1.19]
2024-03-12T06:36:06.655+09:00  INFO 1644 --- [restartedMain] o.a.c.c.C.[Tomcat].[localhost].[/ch06]   : Initializing Spring embedded WebApplicationContext
2024-03-12T06:36:06.655+09:00  INFO 1644 --- [restartedMain] w.s.c.ServletWebServerApplicationContext : Root WebApplicationContext: initialization completed in 273 ms
2024-03-12T06:36:06.722+09:00  INFO 1644 --- [restartedMain] o.s.b.a.w.s.WelcomePageHandlerMapping    : Adding welcome page template: index
2024-03-12T06:36:06.781+09:00  INFO 1644 --- [restartedMain] o.s.b.d.a.OptionalLiveReloadServer       : LiveReload server is running on port 35729
2024-03-12T06:36:06.787+09:00  INFO 1644 --- [restartedMain] o.s.b.w.embedded.tomcat.TomcatWebServer  : Tomcat started on port 8080 (http) with context path '/ch06'
2024-03-12T06:36:06.789+09:00  INFO 1644 --- [restartedMain] kr.co.ch06.Ch06Application               : Started Ch06Application in 0.443 seconds (process running for 1609.734)
2024-03-12T06:36:06.790+09:00  INFO 1644 --- [restartedMain] .ConditionEvaluationDeltaLoggingListener : Condition evaluation unchanged
2024-03-12T06:36:06.825+09:00  INFO 1644 --- [http-nio-8080-exec-1] o.a.c.c.C.[Tomcat].[localhost].[/ch06]   : Initializing Spring DispatcherServlet 'dispatcherServlet'
2024-03-12T06:36:06.825+09:00  INFO 1644 --- [http-nio-8080-exec-1] o.s.web.servlet.DispatcherServlet        : Initializing Servlet 'dispatcherServlet'
2024-03-12T06:36:06.826+09:00  INFO 1644 --- [http-nio-8080-exec-1] o.s.web.servlet.DispatcherServlet        : Completed initialization in 1 ms
2024-03-12T06:36:06.828+09:00  INFO 1644 --- [http-nio-8080-exec-1] com.zaxxer.hikari.HikariDataSource       : HikariPool-4 - Starting...
2024-03-12T06:36:06.842+09:00  INFO 1644 --- [http-nio-8080-exec-1] com.zaxxer.hikari.pool.HikariPool        : HikariPool-4 - Added connection com.mysql.cj.jdbc.ConnectionImpl@63817e8c
2024-03-12T06:36:06.842+09:00  INFO 1644 --- [http-nio-8080-exec-1] com.zaxxer.hikari.HikariDataSource       : HikariPool-4 - Start completed.
2024-03-12T06:36:23.664+09:00  INFO 1644 --- [File Watcher] rtingClassPathChangeChangedEventListener : Restarting due to 32 class path changes (0 additions, 0 deletions, 32 modifications)
2024-03-12T06:36:23.669+09:00  INFO 1644 --- [Thread-23] com.zaxxer.hikari.HikariDataSource       : HikariPool-4 - Shutdown initiated...
2024-03-12T06:36:23.672+09:00  INFO 1644 --- [Thread-23] com.zaxxer.hikari.HikariDataSource       : HikariPool-4 - Shutdown completed.
2024-03-12T06:36:23.715+09:00  INFO 1644 --- [restartedMain] kr.co.ch06.Ch06Application               : Starting Ch06Application using Java 21.0.2 with PID 1644 (C:\Users\ksgg1\OneDrive\바탕 화면\Workspace\Spring\ch06\build\classes\java\main started by ksgg1 in C:\Users\ksgg1\OneDrive\바탕 화면\Workspace\Spring\ch06)
2024-03-12T06:36:23.715+09:00  INFO 1644 --- [restartedMain] kr.co.ch06.Ch06Application               : No active profile set, falling back to 1 default profile: "default"
2024-03-12T06:36:23.819+09:00  INFO 1644 --- [restartedMain] o.s.b.w.embedded.tomcat.TomcatWebServer  : Tomcat initialized with port 8080 (http)
2024-03-12T06:36:23.819+09:00  INFO 1644 --- [restartedMain] o.apache.catalina.core.StandardService   : Starting service [Tomcat]
2024-03-12T06:36:23.819+09:00  INFO 1644 --- [restartedMain] o.apache.catalina.core.StandardEngine    : Starting Servlet engine: [Apache Tomcat/10.1.19]
2024-03-12T06:36:23.832+09:00  INFO 1644 --- [restartedMain] o.a.c.c.C.[Tomcat].[localhost].[/ch06]   : Initializing Spring embedded WebApplicationContext
2024-03-12T06:36:23.832+09:00  INFO 1644 --- [restartedMain] w.s.c.ServletWebServerApplicationContext : Root WebApplicationContext: initialization completed in 116 ms
2024-03-12T06:36:23.882+09:00  INFO 1644 --- [restartedMain] o.s.b.a.w.s.WelcomePageHandlerMapping    : Adding welcome page template: index
2024-03-12T06:36:23.920+09:00  INFO 1644 --- [restartedMain] o.s.b.d.a.OptionalLiveReloadServer       : LiveReload server is running on port 35729
2024-03-12T06:36:23.926+09:00  INFO 1644 --- [restartedMain] o.s.b.w.embedded.tomcat.TomcatWebServer  : Tomcat started on port 8080 (http) with context path '/ch06'
2024-03-12T06:36:23.928+09:00  INFO 1644 --- [restartedMain] kr.co.ch06.Ch06Application               : Started Ch06Application in 0.225 seconds (process running for 1626.874)
2024-03-12T06:36:23.929+09:00  INFO 1644 --- [restartedMain] .ConditionEvaluationDeltaLoggingListener : Condition evaluation unchanged
2024-03-12T06:37:00.569+09:00  INFO 1644 --- [http-nio-8080-exec-1] o.a.c.c.C.[Tomcat].[localhost].[/ch06]   : Initializing Spring DispatcherServlet 'dispatcherServlet'
2024-03-12T06:37:00.569+09:00  INFO 1644 --- [http-nio-8080-exec-1] o.s.web.servlet.DispatcherServlet        : Initializing Servlet 'dispatcherServlet'
2024-03-12T06:37:00.570+09:00  INFO 1644 --- [http-nio-8080-exec-1] o.s.web.servlet.DispatcherServlet        : Completed initialization in 1 ms
2024-03-12T06:37:00.571+09:00  INFO 1644 --- [http-nio-8080-exec-1] com.zaxxer.hikari.HikariDataSource       : HikariPool-5 - Starting...
2024-03-12T06:37:00.586+09:00  INFO 1644 --- [http-nio-8080-exec-1] com.zaxxer.hikari.pool.HikariPool        : HikariPool-5 - Added connection com.mysql.cj.jdbc.ConnectionImpl@4243a62b
2024-03-12T06:37:00.586+09:00  INFO 1644 --- [http-nio-8080-exec-1] com.zaxxer.hikari.HikariDataSource       : HikariPool-5 - Start completed.
2024-03-12T06:37:02.399+09:00  INFO 1644 --- [File Watcher] rtingClassPathChangeChangedEventListener : Restarting due to 32 class path changes (0 additions, 0 deletions, 32 modifications)
2024-03-12T06:37:02.406+09:00  INFO 1644 --- [Thread-27] com.zaxxer.hikari.HikariDataSource       : HikariPool-5 - Shutdown initiated...
2024-03-12T06:37:02.410+09:00  INFO 1644 --- [Thread-27] com.zaxxer.hikari.HikariDataSource       : HikariPool-5 - Shutdown completed.
2024-03-12T06:37:02.473+09:00  INFO 1644 --- [restartedMain] kr.co.ch06.Ch06Application               : Starting Ch06Application using Java 21.0.2 with PID 1644 (C:\Users\ksgg1\OneDrive\바탕 화면\Workspace\Spring\ch06\build\classes\java\main started by ksgg1 in C:\Users\ksgg1\OneDrive\바탕 화면\Workspace\Spring\ch06)
2024-03-12T06:37:02.473+09:00  INFO 1644 --- [restartedMain] kr.co.ch06.Ch06Application               : No active profile set, falling back to 1 default profile: "default"
2024-03-12T06:37:02.609+09:00  INFO 1644 --- [restartedMain] o.s.b.w.embedded.tomcat.TomcatWebServer  : Tomcat initialized with port 8080 (http)
2024-03-12T06:37:02.610+09:00  INFO 1644 --- [restartedMain] o.apache.catalina.core.StandardService   : Starting service [Tomcat]
2024-03-12T06:37:02.610+09:00  INFO 1644 --- [restartedMain] o.apache.catalina.core.StandardEngine    : Starting Servlet engine: [Apache Tomcat/10.1.19]
2024-03-12T06:37:02.620+09:00  INFO 1644 --- [restartedMain] o.a.c.c.C.[Tomcat].[localhost].[/ch06]   : Initializing Spring embedded WebApplicationContext
2024-03-12T06:37:02.620+09:00  INFO 1644 --- [restartedMain] w.s.c.ServletWebServerApplicationContext : Root WebApplicationContext: initialization completed in 146 ms
2024-03-12T06:37:02.696+09:00  INFO 1644 --- [restartedMain] o.s.b.a.w.s.WelcomePageHandlerMapping    : Adding welcome page template: index
2024-03-12T06:37:02.748+09:00  INFO 1644 --- [restartedMain] o.s.b.d.a.OptionalLiveReloadServer       : LiveReload server is running on port 35729
2024-03-12T06:37:02.754+09:00  INFO 1644 --- [restartedMain] o.s.b.w.embedded.tomcat.TomcatWebServer  : Tomcat started on port 8080 (http) with context path '/ch06'
2024-03-12T06:37:02.755+09:00  INFO 1644 --- [restartedMain] kr.co.ch06.Ch06Application               : Started Ch06Application in 0.294 seconds (process running for 1665.701)
2024-03-12T06:37:02.756+09:00  INFO 1644 --- [restartedMain] .ConditionEvaluationDeltaLoggingListener : Condition evaluation unchanged
2024-03-12T06:37:26.494+09:00  INFO 1644 --- [http-nio-8080-exec-1] o.a.c.c.C.[Tomcat].[localhost].[/ch06]   : Initializing Spring DispatcherServlet 'dispatcherServlet'
2024-03-12T06:37:26.494+09:00  INFO 1644 --- [http-nio-8080-exec-1] o.s.web.servlet.DispatcherServlet        : Initializing Servlet 'dispatcherServlet'
2024-03-12T06:37:26.495+09:00  INFO 1644 --- [http-nio-8080-exec-1] o.s.web.servlet.DispatcherServlet        : Completed initialization in 1 ms
2024-03-12T06:37:26.498+09:00  INFO 1644 --- [http-nio-8080-exec-1] com.zaxxer.hikari.HikariDataSource       : HikariPool-6 - Starting...
2024-03-12T06:37:26.509+09:00  INFO 1644 --- [http-nio-8080-exec-1] com.zaxxer.hikari.pool.HikariPool        : HikariPool-6 - Added connection com.mysql.cj.jdbc.ConnectionImpl@33d8551d
2024-03-12T06:37:26.509+09:00  INFO 1644 --- [http-nio-8080-exec-1] com.zaxxer.hikari.HikariDataSource       : HikariPool-6 - Start completed.
2024-03-12T06:38:56.754+09:00  INFO 1644 --- [File Watcher] rtingClassPathChangeChangedEventListener : Restarting due to 1 class path change (0 additions, 0 deletions, 1 modification)
2024-03-12T06:38:56.758+09:00  INFO 1644 --- [Thread-31] com.zaxxer.hikari.HikariDataSource       : HikariPool-6 - Shutdown initiated...
2024-03-12T06:38:56.760+09:00  INFO 1644 --- [Thread-31] com.zaxxer.hikari.HikariDataSource       : HikariPool-6 - Shutdown completed.
2024-03-12T06:38:56.824+09:00  INFO 1644 --- [restartedMain] kr.co.ch06.Ch06Application               : Starting Ch06Application using Java 21.0.2 with PID 1644 (C:\Users\ksgg1\OneDrive\바탕 화면\Workspace\Spring\ch06\build\classes\java\main started by ksgg1 in C:\Users\ksgg1\OneDrive\바탕 화면\Workspace\Spring\ch06)
2024-03-12T06:38:56.825+09:00  INFO 1644 --- [restartedMain] kr.co.ch06.Ch06Application               : No active profile set, falling back to 1 default profile: "default"
2024-03-12T06:38:57.047+09:00  INFO 1644 --- [restartedMain] o.s.b.w.embedded.tomcat.TomcatWebServer  : Tomcat initialized with port 8080 (http)
2024-03-12T06:38:57.049+09:00  INFO 1644 --- [restartedMain] o.apache.catalina.core.StandardService   : Starting service [Tomcat]
2024-03-12T06:38:57.049+09:00  INFO 1644 --- [restartedMain] o.apache.catalina.core.StandardEngine    : Starting Servlet engine: [Apache Tomcat/10.1.19]
2024-03-12T06:38:57.059+09:00  INFO 1644 --- [restartedMain] o.a.c.c.C.[Tomcat].[localhost].[/ch06]   : Initializing Spring embedded WebApplicationContext
2024-03-12T06:38:57.059+09:00  INFO 1644 --- [restartedMain] w.s.c.ServletWebServerApplicationContext : Root WebApplicationContext: initialization completed in 231 ms
2024-03-12T06:38:57.131+09:00  INFO 1644 --- [restartedMain] o.s.b.a.w.s.WelcomePageHandlerMapping    : Adding welcome page template: index
2024-03-12T06:38:57.191+09:00  INFO 1644 --- [restartedMain] o.s.b.d.a.OptionalLiveReloadServer       : LiveReload server is running on port 35729
2024-03-12T06:38:57.203+09:00  INFO 1644 --- [restartedMain] o.s.b.w.embedded.tomcat.TomcatWebServer  : Tomcat started on port 8080 (http) with context path '/ch06'
2024-03-12T06:38:57.205+09:00  INFO 1644 --- [restartedMain] kr.co.ch06.Ch06Application               : Started Ch06Application in 0.399 seconds (process running for 1780.15)
2024-03-12T06:38:57.206+09:00  INFO 1644 --- [restartedMain] .ConditionEvaluationDeltaLoggingListener : Condition evaluation unchanged
2024-03-12T06:39:20.399+09:00  INFO 1644 --- [http-nio-8080-exec-1] o.a.c.c.C.[Tomcat].[localhost].[/ch06]   : Initializing Spring DispatcherServlet 'dispatcherServlet'
2024-03-12T06:39:20.399+09:00  INFO 1644 --- [http-nio-8080-exec-1] o.s.web.servlet.DispatcherServlet        : Initializing Servlet 'dispatcherServlet'
2024-03-12T06:39:20.400+09:00  INFO 1644 --- [http-nio-8080-exec-1] o.s.web.servlet.DispatcherServlet        : Completed initialization in 1 ms
2024-03-12T06:39:20.402+09:00  INFO 1644 --- [http-nio-8080-exec-1] com.zaxxer.hikari.HikariDataSource       : HikariPool-7 - Starting...
2024-03-12T06:39:20.420+09:00  INFO 1644 --- [http-nio-8080-exec-1] com.zaxxer.hikari.pool.HikariPool        : HikariPool-7 - Added connection com.mysql.cj.jdbc.ConnectionImpl@5bf36060
2024-03-12T06:39:20.420+09:00  INFO 1644 --- [http-nio-8080-exec-1] com.zaxxer.hikari.HikariDataSource       : HikariPool-7 - Start completed.
2024-03-12T06:40:15.832+09:00  INFO 1644 --- [SpringApplicationShutdownHook] com.zaxxer.hikari.HikariDataSource       : HikariPool-7 - Shutdown initiated...
2024-03-12T06:40:15.836+09:00  INFO 1644 --- [SpringApplicationShutdownHook] com.zaxxer.hikari.HikariDataSource       : HikariPool-7 - Shutdown completed.
